[2025-12-14 17:22:07.369] [info]  App starting...
[2025-12-14 17:22:34.265] [info]  Checking for update
[2025-12-14 17:22:34.265] [info]  Checking for update...
[2025-12-14 17:22:36.162] [info]  Update for version 2.12.0 is not available (latest version: 2.12.0, downgrade is disallowed).
[2025-12-14 17:22:36.163] [info]  Update not available.
[2025-12-15 13:51:02.888] [info]  App starting...
[2025-12-15 13:51:04.012] [info]  Checking for update
[2025-12-15 13:51:04.013] [info]  Checking for update...
[2025-12-15 13:51:06.711] [info]  Update for version 2.12.0 is not available (latest version: 2.12.0, downgrade is disallowed).
[2025-12-15 13:51:06.711] [info]  Update not available.
[2025-12-15 14:25:57.464] [info]  App starting...
[2025-12-15 14:25:58.656] [info]  Checking for update
[2025-12-15 14:25:58.657] [info]  Checking for update...
[2025-12-15 14:25:59.850] [info]  Update for version 2.12.0 is not available (latest version: 2.12.0, downgrade is disallowed).
[2025-12-15 14:25:59.850] [info]  Update not available.
[2025-12-15 16:07:13.650] [info]  App starting...
[2025-12-15 16:07:15.102] [info]  Checking for update
[2025-12-15 16:07:15.103] [info]  Checking for update...
[2025-12-15 16:07:18.422] [info]  Update for version 2.12.0 is not available (latest version: 2.12.0, downgrade is disallowed).
[2025-12-15 16:07:18.423] [info]  Update not available.
[2025-12-15 16:35:24.877] [info]  App starting...
[2025-12-15 16:35:25.962] [info]  Checking for update
[2025-12-15 16:35:25.963] [info]  Checking for update...
[2025-12-15 16:35:27.402] [info]  Update for version 2.12.0 is not available (latest version: 2.12.0, downgrade is disallowed).
[2025-12-15 16:35:27.403] [info]  Update not available.
[2025-12-15 22:33:54.507] [info]  App starting...
[2025-12-15 22:33:55.610] [info]  Checking for update
[2025-12-15 22:33:55.610] [info]  Checking for update...
[2025-12-15 22:33:56.693] [info]  Update for version 2.12.0 is not available (latest version: 2.12.0, downgrade is disallowed).
[2025-12-15 22:33:56.694] [info]  Update not available.
[2025-12-16 12:11:08.186] [info]  App starting...
[2025-12-16 12:11:09.286] [info]  Checking for update
[2025-12-16 12:11:09.286] [info]  Checking for update...
[2025-12-16 12:11:10.766] [info]  Update for version 2.12.0 is not available (latest version: 2.12.0, downgrade is disallowed).
[2025-12-16 12:11:10.766] [info]  Update not available.
[2025-12-16 15:03:53.077] [info]  App starting...
[2025-12-16 15:03:54.555] [info]  Checking for update
[2025-12-16 15:03:54.556] [info]  Checking for update...
[2025-12-16 15:03:57.240] [info]  Update for version 2.12.0 is not available (latest version: 2.12.0, downgrade is disallowed).
[2025-12-16 15:03:57.240] [info]  Update not available.
[2025-12-17 10:43:38.333] [info]  App starting...
[2025-12-17 10:43:39.946] [info]  Checking for update
[2025-12-17 10:43:39.947] [info]  Checking for update...
[2025-12-17 10:43:42.276] [info]  Update for version 2.12.0 is not available (latest version: 2.12.0, downgrade is disallowed).
[2025-12-17 10:43:42.276] [info]  Update not available.
[2025-12-17 16:36:05.272] [info]  App starting...
[2025-12-17 16:36:06.901] [info]  Checking for update
[2025-12-17 16:36:06.901] [info]  Checking for update...
[2025-12-17 16:36:09.311] [info]  Update for version 2.12.0 is not available (latest version: 2.12.0, downgrade is disallowed).
[2025-12-17 16:36:09.311] [info]  Update not available.
[2025-12-17 17:29:21.936] [info]  App starting...
[2025-12-17 17:29:23.394] [info]  Checking for update
[2025-12-17 17:29:23.395] [info]  Checking for update...
[2025-12-17 17:29:26.091] [info]  Update for version 2.12.0 is not available (latest version: 2.12.0, downgrade is disallowed).
[2025-12-17 17:29:26.092] [info]  Update not available.
[2025-12-17 21:18:16.753] [info]  App starting...
[2025-12-17 21:18:17.901] [info]  Checking for update
[2025-12-17 21:18:17.902] [info]  Checking for update...
[2025-12-17 21:18:23.670] [info]  Update for version 2.12.0 is not available (latest version: 2.12.0, downgrade is disallowed).
[2025-12-17 21:18:23.670] [info]  Update not available.
[2025-12-17 22:04:17.211] [info]  App starting...
[2025-12-17 22:04:18.665] [info]  Checking for update
[2025-12-17 22:04:18.666] [info]  Checking for update...
[2025-12-17 22:04:20.664] [info]  Update for version 2.12.0 is not available (latest version: 2.12.0, downgrade is disallowed).
[2025-12-17 22:04:20.664] [info]  Update not available.
[2025-12-18 08:55:06.844] [info]  App starting...
[2025-12-18 08:55:08.104] [info]  Checking for update
[2025-12-18 08:55:08.105] [info]  Checking for update...
[2025-12-18 08:55:09.927] [info]  Update for version 2.12.0 is not available (latest version: 2.12.0, downgrade is disallowed).
[2025-12-18 08:55:09.927] [info]  Update not available.
[2025-12-18 09:06:28.850] [info]  App starting...
[2025-12-18 09:06:30.315] [info]  Checking for update
[2025-12-18 09:06:30.315] [info]  Checking for update...
[2025-12-18 09:06:32.572] [info]  Update for version 2.12.0 is not available (latest version: 2.12.0, downgrade is disallowed).
[2025-12-18 09:06:32.573] [info]  Update not available.
[2025-12-18 09:22:24.228] [info]  App starting...
[2025-12-18 09:22:25.517] [info]  Checking for update
[2025-12-18 09:22:25.517] [info]  Checking for update...
[2025-12-18 09:22:27.768] [info]  Update for version 2.12.0 is not available (latest version: 2.12.0, downgrade is disallowed).
[2025-12-18 09:22:27.768] [info]  Update not available.
[2025-12-18 09:23:18.533] [info]  App starting...
[2025-12-18 09:23:19.774] [info]  Checking for update
[2025-12-18 09:23:19.775] [info]  Checking for update...
[2025-12-18 09:23:21.741] [info]  Update for version 2.12.0 is not available (latest version: 2.12.0, downgrade is disallowed).
[2025-12-18 09:23:21.741] [info]  Update not available.
[2025-12-18 09:23:55.634] [info]  App starting...
[2025-12-18 09:23:57.111] [info]  Checking for update
[2025-12-18 09:23:57.112] [info]  Checking for update...
[2025-12-18 09:23:59.435] [info]  Update for version 2.12.0 is not available (latest version: 2.12.0, downgrade is disallowed).
[2025-12-18 09:23:59.436] [info]  Update not available.
[2025-12-18 09:25:07.205] [info]  App starting...
[2025-12-18 09:25:08.371] [info]  Checking for update
[2025-12-18 09:25:08.371] [info]  Checking for update...
[2025-12-18 09:25:10.673] [info]  Update for version 2.12.0 is not available (latest version: 2.12.0, downgrade is disallowed).
[2025-12-18 09:25:10.674] [info]  Update not available.
[2025-12-18 09:26:02.066] [info]  App starting...
[2025-12-18 09:26:03.501] [info]  Checking for update
[2025-12-18 09:26:03.501] [info]  Checking for update...
[2025-12-18 09:26:04.699] [info]  Update for version 2.12.0 is not available (latest version: 2.12.0, downgrade is disallowed).
[2025-12-18 09:26:04.700] [info]  Update not available.
[2025-12-18 09:42:42.286] [info]  App starting...
[2025-12-18 09:42:43.762] [info]  Checking for update
[2025-12-18 09:42:43.763] [info]  Checking for update...
[2025-12-18 09:42:45.152] [info]  Update for version 2.12.0 is not available (latest version: 2.12.0, downgrade is disallowed).
[2025-12-18 09:42:45.153] [info]  Update not available.
[2025-12-18 09:48:41.977] [info]  App starting...
[2025-12-18 09:48:43.525] [info]  Checking for update
[2025-12-18 09:48:43.526] [info]  Checking for update...
[2025-12-18 09:48:45.887] [info]  Update for version 2.12.0 is not available (latest version: 2.12.0, downgrade is disallowed).
[2025-12-18 09:48:45.887] [info]  Update not available.
[2025-12-18 09:58:51.437] [info]  App starting...
[2025-12-18 09:58:52.647] [info]  Checking for update
[2025-12-18 09:58:52.648] [info]  Checking for update...
[2025-12-18 09:58:55.008] [info]  Update for version 2.12.0 is not available (latest version: 2.12.0, downgrade is disallowed).
[2025-12-18 09:58:55.008] [info]  Update not available.
[2025-12-18 10:26:37.215] [info]  App starting...
[2025-12-18 10:26:38.740] [info]  Checking for update
[2025-12-18 10:26:38.740] [info]  Checking for update...
[2025-12-18 10:26:40.769] [info]  Update for version 2.12.0 is not available (latest version: 2.12.0, downgrade is disallowed).
[2025-12-18 10:26:40.770] [info]  Update not available.
[2025-12-18 12:38:18.798] [info]  App starting...
[2025-12-18 12:38:20.380] [info]  Checking for update
[2025-12-18 12:38:20.380] [info]  Checking for update...
[2025-12-18 12:38:23.025] [info]  Update for version 2.12.0 is not available (latest version: 2.12.0, downgrade is disallowed).
[2025-12-18 12:38:23.025] [info]  Update not available.
[2025-12-18 14:17:12.630] [info]  App starting...
[2025-12-18 14:17:14.079] [info]  Checking for update
[2025-12-18 14:17:14.080] [info]  Checking for update...
[2025-12-18 14:17:16.397] [info]  Update for version 2.12.0 is not available (latest version: 2.12.0, downgrade is disallowed).
[2025-12-18 14:17:16.397] [info]  Update not available.
[2025-12-18 14:18:18.659] [info]  App starting...
[2025-12-18 14:18:19.826] [info]  Checking for update
[2025-12-18 14:18:19.826] [info]  Checking for update...
[2025-12-18 14:18:22.053] [info]  Update for version 2.12.0 is not available (latest version: 2.12.0, downgrade is disallowed).
[2025-12-18 14:18:22.054] [info]  Update not available.
[2025-12-18 16:09:25.990] [info]  App starting...
[2025-12-18 16:09:27.145] [info]  Checking for update
[2025-12-18 16:09:27.145] [info]  Checking for update...
[2025-12-18 16:09:29.496] [info]  Update for version 2.12.0 is not available (latest version: 2.12.0, downgrade is disallowed).
[2025-12-18 16:09:29.496] [info]  Update not available.
[2025-12-18 16:52:39.807] [info]  App starting...
[2025-12-18 16:52:40.958] [info]  Checking for update
[2025-12-18 16:52:40.959] [info]  Checking for update...
[2025-12-18 16:52:43.647] [info]  Update for version 2.12.0 is not available (latest version: 2.12.0, downgrade is disallowed).
[2025-12-18 16:52:43.648] [info]  Update not available.
